d:\perforce\sava210254\year 1\block a\r-type\debug\vc142.pdb
d:\perforce\sava210254\year 1\block a\r-type\debug\playerbullet.obj
d:\perforce\sava210254\year 1\block a\r-type\debug\player.obj
d:\perforce\sava210254\year 1\block a\r-type\debug\grid.obj
d:\perforce\sava210254\year 1\block a\r-type\debug\gamestate.obj
d:\perforce\sava210254\year 1\block a\r-type\debug\game.obj
d:\perforce\sava210254\year 1\block a\r-type\debug\enemyshipyellow.obj
d:\perforce\sava210254\year 1\block a\r-type\debug\enemyshipred.obj
d:\perforce\sava210254\year 1\block a\r-type\debug\enemymanager.obj
d:\perforce\sava210254\year 1\block a\r-type\debug\enemybulletredmanager.obj
d:\perforce\sava210254\year 1\block a\r-type\debug\enemybulletred.obj
d:\perforce\sava210254\year 1\block a\r-type\debug\enemy.obj
d:\perforce\sava210254\year 1\block a\r-type\debug\collisionhandler.obj
d:\perforce\sava210254\year 1\block a\r-type\debug\collision.obj
d:\perforce\sava210254\year 1\block a\r-type\debug\circle.obj
d:\perforce\sava210254\year 1\block a\r-type\debug\cell.obj
d:\perforce\sava210254\year 1\block a\r-type\debug\bullethandler.obj
d:\perforce\sava210254\year 1\block a\r-type\debug\baseobject.obj
d:\perforce\sava210254\year 1\block a\r-type\debug\backgroundcollision.obj
d:\perforce\sava210254\year 1\block a\r-type\debug\animation.obj
d:\perforce\sava210254\year 1\block a\r-type\debug\aabb.obj
d:\perforce\sava210254\year 1\block a\r-type\debug\terraindata.obj
d:\perforce\sava210254\year 1\block a\r-type\debug\terrain.obj
d:\perforce\sava210254\year 1\block a\r-type\debug\template.obj
d:\perforce\sava210254\year 1\block a\r-type\debug\surface.obj
d:\perforce\sava210254\year 1\block a\r-type\tmpl_2019-08_debug.exe
d:\perforce\sava210254\year 1\block a\r-type\tmpl_2019-08_debug.pdb
d:\perforce\sava210254\year 1\block a\r-type\debug\tmpl_2019-08.tlog\cl.command.1.tlog
d:\perforce\sava210254\year 1\block a\r-type\debug\tmpl_2019-08.tlog\cl.read.1.tlog
d:\perforce\sava210254\year 1\block a\r-type\debug\tmpl_2019-08.tlog\cl.write.1.tlog
d:\perforce\sava210254\year 1\block a\r-type\debug\tmpl_2019-08.tlog\link.command.1.tlog
d:\perforce\sava210254\year 1\block a\r-type\debug\tmpl_2019-08.tlog\link.read.1.tlog
d:\perforce\sava210254\year 1\block a\r-type\debug\tmpl_2019-08.tlog\link.write.1.tlog
