d:\perforce\sava210254\year 1\block a\r-type\release\vc142.pdb
d:\perforce\sava210254\year 1\block a\r-type\release\playerbullet.obj
d:\perforce\sava210254\year 1\block a\r-type\release\player.obj
d:\perforce\sava210254\year 1\block a\r-type\release\grid.obj
d:\perforce\sava210254\year 1\block a\r-type\release\gamestate.obj
d:\perforce\sava210254\year 1\block a\r-type\release\game.obj
d:\perforce\sava210254\year 1\block a\r-type\release\enemyshipyellow.obj
d:\perforce\sava210254\year 1\block a\r-type\release\enemyshipred.obj
d:\perforce\sava210254\year 1\block a\r-type\release\enemymanager.obj
d:\perforce\sava210254\year 1\block a\r-type\release\enemybulletredmanager.obj
d:\perforce\sava210254\year 1\block a\r-type\release\enemybulletred.obj
d:\perforce\sava210254\year 1\block a\r-type\release\enemy.obj
d:\perforce\sava210254\year 1\block a\r-type\release\collisionhandler.obj
d:\perforce\sava210254\year 1\block a\r-type\release\collision.obj
d:\perforce\sava210254\year 1\block a\r-type\release\circle.obj
d:\perforce\sava210254\year 1\block a\r-type\release\cell.obj
d:\perforce\sava210254\year 1\block a\r-type\release\bullethandler.obj
d:\perforce\sava210254\year 1\block a\r-type\release\baseobject.obj
d:\perforce\sava210254\year 1\block a\r-type\release\backgroundcollision.obj
d:\perforce\sava210254\year 1\block a\r-type\release\animation.obj
d:\perforce\sava210254\year 1\block a\r-type\release\aabb.obj
d:\perforce\sava210254\year 1\block a\r-type\release\terraindata.obj
d:\perforce\sava210254\year 1\block a\r-type\release\terrain.obj
d:\perforce\sava210254\year 1\block a\r-type\release\template.obj
d:\perforce\sava210254\year 1\block a\r-type\release\surface.obj
d:\perforce\sava210254\year 1\block a\r-type\tmpl_2019-08.exe
d:\perforce\sava210254\year 1\block a\r-type\tmpl_2019-08.pdb
d:\perforce\sava210254\year 1\block a\r-type\release\tmpl_2019-08.tlog\cl.command.1.tlog
d:\perforce\sava210254\year 1\block a\r-type\release\tmpl_2019-08.tlog\cl.read.1.tlog
d:\perforce\sava210254\year 1\block a\r-type\release\tmpl_2019-08.tlog\cl.write.1.tlog
d:\perforce\sava210254\year 1\block a\r-type\release\tmpl_2019-08.tlog\link.command.1.tlog
d:\perforce\sava210254\year 1\block a\r-type\release\tmpl_2019-08.tlog\link.read.1.tlog
d:\perforce\sava210254\year 1\block a\r-type\release\tmpl_2019-08.tlog\link.write.1.tlog
